c:\users\josh\documents\visual studio 2015\projects\bluemanledmaster\consoleapplication1\debug\vc140.pdb
c:\users\josh\documents\visual studio 2015\projects\bluemanledmaster\consoleapplication1\debug\vc140.idb
c:\users\josh\documents\visual studio 2015\projects\bluemanledmaster\consoleapplication1\debug\main.obj
c:\users\josh\documents\visual studio 2015\projects\bluemanledmaster\consoleapplication1\debug\stdafx.obj
e:\users\josh\documents\github\blueledboard\master\bluemanledmaster\consoleapplication1\debug\vc140.pdb
e:\users\josh\documents\github\blueledboard\master\bluemanledmaster\consoleapplication1\debug\vc140.idb
e:\users\josh\documents\github\blueledboard\master\bluemanledmaster\consoleapplication1\debug\main.obj
e:\users\josh\documents\github\blueledboard\master\bluemanledmaster\consoleapplication1\debug\stdafx.obj
e:\users\josh\documents\github\blueledboard\master\bluemanledmaster\consoleapplication1\debug\demo.obj
c:\users\josh\documents\visual studio 2015\projects\bluemanledmaster\debug\bluemanledmaster.ilk
c:\users\josh\documents\visual studio 2015\projects\bluemanledmaster\debug\bluemanledmaster.exe
c:\users\josh\documents\visual studio 2015\projects\bluemanledmaster\debug\bluemanledmaster.pdb
e:\users\josh\documents\github\blueledboard\master\bluemanledmaster\debug\bluemanledmaster.ilk
e:\users\josh\documents\github\blueledboard\master\bluemanledmaster\debug\bluemanledmaster.exe
e:\users\josh\documents\github\blueledboard\master\bluemanledmaster\debug\bluemanledmaster.pdb
e:\users\josh\documents\github\blueledboard\master\bluemanledmaster\consoleapplication1\debug\bluemanledmaster.tlog\cl.command.1.tlog
e:\users\josh\documents\github\blueledboard\master\bluemanledmaster\consoleapplication1\debug\bluemanledmaster.tlog\cl.read.1.tlog
e:\users\josh\documents\github\blueledboard\master\bluemanledmaster\consoleapplication1\debug\bluemanledmaster.tlog\cl.write.1.tlog
e:\users\josh\documents\github\blueledboard\master\bluemanledmaster\consoleapplication1\debug\bluemanledmaster.tlog\link.command.1.tlog
e:\users\josh\documents\github\blueledboard\master\bluemanledmaster\consoleapplication1\debug\bluemanledmaster.tlog\link.read.1.tlog
e:\users\josh\documents\github\blueledboard\master\bluemanledmaster\consoleapplication1\debug\bluemanledmaster.tlog\link.write.1.tlog
